# JRE version: Java(TM) SE Runtime Environment (8.0_261-b12) (build 1.8.0_261-b12)
# Java VM: Java HotSpot(TM) 64-Bit Server VM (25.261-b12 mixed mode windows-amd64 compressed oops)
Heap:
 PSYoungGen      total 344064K, used 1408K [0x00000000eab00000, 0x00000000ffe00000, 0x0000000100000000)
  eden space 342528K, 0% used [0x00000000eab00000,0x00000000eab00000,0x00000000ff980000)
  from space 1536K, 91% used [0x00000000ffb80000,0x00000000ffce0000,0x00000000ffd00000)
  to   space 2048K, 0% used [0x00000000ff980000,0x00000000ff980000,0x00000000ffb80000)
 ParOldGen       total 355328K, used 102045K [0x00000000c0000000, 0x00000000d5b00000, 0x00000000eab00000)
  object space 355328K, 28% used [0x00000000c0000000,0x00000000c63a7530,0x00000000d5b00000)
 Metaspace       used 178834K, capacity 191476K, committed 192152K, reserved 1216512K
  class space    used 20730K, capacity 24550K, committed 24752K, reserved 1048576K
GC Heap History (10 events):
Event: 33507.179 GC heap after
Heap after GC invocations=1613 (full 527):
 PSYoungGen      total 344064K, used 160K [0x00000000eab00000, 0x00000000ffd00000, 0x0000000100000000)
  eden space 343040K, 0% used [0x00000000eab00000,0x00000000eab00000,0x00000000ffa00000)
  from space 1024K, 15% used [0x00000000ffc00000,0x00000000ffc28000,0x00000000ffd00000)
  to   space 1536K, 0% used [0x00000000ffa00000,0x00000000ffa00000,0x00000000ffb80000)
 ParOldGen       total 355328K, used 102045K [0x00000000c0000000, 0x00000000d5b00000, 0x00000000eab00000)
  object space 355328K, 28% used [0x00000000c0000000,0x00000000c63a7530,0x00000000d5b00000)
 Metaspace       used 178834K, capacity 191476K, committed 192152K, reserved 1216512K
  class space    used 20730K, capacity 24550K, committed 24752K, reserved 1048576K
}
Event: 33507.179 GC heap before
{Heap before GC invocations=1614 (full 528):
 PSYoungGen      total 344064K, used 160K [0x00000000eab00000, 0x00000000ffd00000, 0x0000000100000000)
  eden space 343040K, 0% used [0x00000000eab00000,0x00000000eab00000,0x00000000ffa00000)
  from space 1024K, 15% used [0x00000000ffc00000,0x00000000ffc28000,0x00000000ffd00000)
  to   space 1536K, 0% used [0x00000000ffa00000,0x00000000ffa00000,0x00000000ffb80000)
 ParOldGen       total 355328K, used 102045K [0x00000000c0000000, 0x00000000d5b00000, 0x00000000eab00000)
  object space 355328K, 28% used [0x00000000c0000000,0x00000000c63a7530,0x00000000d5b00000)
 Metaspace       used 178834K, capacity 191476K, committed 192152K, reserved 1216512K
  class space    used 20730K, capacity 24550K, committed 24752K, reserved 1048576K
Event: 33507.361 GC heap after
Heap after GC invocations=1614 (full 528):
 PSYoungGen      total 344064K, used 0K [0x00000000eab00000, 0x00000000ffd00000, 0x0000000100000000)
  eden space 343040K, 0% used [0x00000000eab00000,0x00000000eab00000,0x00000000ffa00000)
  from space 1024K, 0% used [0x00000000ffc00000,0x00000000ffc00000,0x00000000ffd00000)
  to   space 1536K, 0% used [0x00000000ffa00000,0x00000000ffa00000,0x00000000ffb80000)
 ParOldGen       total 355328K, used 102045K [0x00000000c0000000, 0x00000000d5b00000, 0x00000000eab00000)
  object space 355328K, 28% used [0x00000000c0000000,0x00000000c63a7530,0x00000000d5b00000)
 Metaspace       used 178834K, capacity 191476K, committed 192152K, reserved 1216512K
  class space    used 20730K, capacity 24550K, committed 24752K, reserved 1048576K
}
Event: 33567.196 GC heap before
{Heap before GC invocations=1615 (full 528):
 PSYoungGen      total 344064K, used 10887K [0x00000000eab00000, 0x00000000ffd00000, 0x0000000100000000)
  eden space 343040K, 3% used [0x00000000eab00000,0x00000000eb5a1cc8,0x00000000ffa00000)
  from space 1024K, 0% used [0x00000000ffc00000,0x00000000ffc00000,0x00000000ffd00000)
  to   space 1536K, 0% used [0x00000000ffa00000,0x00000000ffa00000,0x00000000ffb80000)
 ParOldGen       total 355328K, used 102045K [0x00000000c0000000, 0x00000000d5b00000, 0x00000000eab00000)
  object space 355328K, 28% used [0x00000000c0000000,0x00000000c63a7530,0x00000000d5b00000)
 Metaspace       used 178834K, capacity 191476K, committed 192152K, reserved 1216512K
  class space    used 20730K, capacity 24550K, committed 24752K, reserved 1048576K
Event: 33567.200 GC heap after
Heap after GC invocations=1615 (full 528):
 PSYoungGen      total 344576K, used 96K [0x00000000eab00000, 0x00000000ffd00000, 0x0000000100000000)
  eden space 343040K, 0% used [0x00000000eab00000,0x00000000eab00000,0x00000000ffa00000)
  from space 1536K, 6% used [0x00000000ffa00000,0x00000000ffa18000,0x00000000ffb80000)
  to   space 1536K, 0% used [0x00000000ffb80000,0x00000000ffb80000,0x00000000ffd00000)
 ParOldGen       total 355328K, used 102045K [0x00000000c0000000, 0x00000000d5b00000, 0x00000000eab00000)
  object space 355328K, 28% used [0x00000000c0000000,0x00000000c63a7530,0x00000000d5b00000)
 Metaspace       used 178834K, capacity 191476K, committed 192152K, reserved 1216512K
  class space    used 20730K, capacity 24550K, committed 24752K, reserved 1048576K
}
Event: 33567.200 GC heap before
{Heap before GC invocations=1616 (full 529):
 PSYoungGen      total 344576K, used 96K [0x00000000eab00000, 0x00000000ffd00000, 0x0000000100000000)
  eden space 343040K, 0% used [0x00000000eab00000,0x00000000eab00000,0x00000000ffa00000)
  from space 1536K, 6% used [0x00000000ffa00000,0x00000000ffa18000,0x00000000ffb80000)
  to   space 1536K, 0% used [0x00000000ffb80000,0x00000000ffb80000,0x00000000ffd00000)
 ParOldGen       total 355328K, used 102045K [0x00000000c0000000, 0x00000000d5b00000, 0x00000000eab00000)
  object space 355328K, 28% used [0x00000000c0000000,0x00000000c63a7530,0x00000000d5b00000)
 Metaspace       used 178834K, capacity 191476K, committed 192152K, reserved 1216512K
  class space    used 20730K, capacity 24550K, committed 24752K, reserved 1048576K
Event: 33567.337 GC heap after
Heap after GC invocations=1616 (full 529):
 PSYoungGen      total 344576K, used 0K [0x00000000eab00000, 0x00000000ffd00000, 0x0000000100000000)
  eden space 343040K, 0% used [0x00000000eab00000,0x00000000eab00000,0x00000000ffa00000)
  from space 1536K, 0% used [0x00000000ffa00000,0x00000000ffa00000,0x00000000ffb80000)
  to   space 1536K, 0% used [0x00000000ffb80000,0x00000000ffb80000,0x00000000ffd00000)
 ParOldGen       total 355328K, used 102045K [0x00000000c0000000, 0x00000000d5b00000, 0x00000000eab00000)
  object space 355328K, 28% used [0x00000000c0000000,0x00000000c63a7530,0x00000000d5b00000)
 Metaspace       used 178834K, capacity 191476K, committed 192152K, reserved 1216512K
  class space    used 20730K, capacity 24550K, committed 24752K, reserved 1048576K
}
Event: 33627.197 GC heap before
{Heap before GC invocations=1617 (full 529):
 PSYoungGen      total 344576K, used 24053K [0x00000000eab00000, 0x00000000ffd00000, 0x0000000100000000)
  eden space 343040K, 7% used [0x00000000eab00000,0x00000000ec27d4a8,0x00000000ffa00000)
  from space 1536K, 0% used [0x00000000ffa00000,0x00000000ffa00000,0x00000000ffb80000)
  to   space 1536K, 0% used [0x00000000ffb80000,0x00000000ffb80000,0x00000000ffd00000)
 ParOldGen       total 355328K, used 102045K [0x00000000c0000000, 0x00000000d5b00000, 0x00000000eab00000)
  object space 355328K, 28% used [0x00000000c0000000,0x00000000c63a7530,0x00000000d5b00000)
 Metaspace       used 178834K, capacity 191476K, committed 192152K, reserved 1216512K
  class space    used 20730K, capacity 24550K, committed 24752K, reserved 1048576K
Event: 33627.201 GC heap after
Heap after GC invocations=1617 (full 529):
 PSYoungGen      total 344064K, used 1408K [0x00000000eab00000, 0x00000000ffe00000, 0x0000000100000000)
  eden space 342528K, 0% used [0x00000000eab00000,0x00000000eab00000,0x00000000ff980000)
  from space 1536K, 91% used [0x00000000ffb80000,0x00000000ffce0000,0x00000000ffd00000)
  to   space 2048K, 0% used [0x00000000ff980000,0x00000000ff980000,0x00000000ffb80000)
 ParOldGen       total 355328K, used 102045K [0x00000000c0000000, 0x00000000d5b00000, 0x00000000eab00000)
  object space 355328K, 28% used [0x00000000c0000000,0x00000000c63a7530,0x00000000d5b00000)
 Metaspace       used 178834K, capacity 191476K, committed 192152K, reserved 1216512K
  class space    used 20730K, capacity 24550K, committed 24752K, reserved 1048576K
}
Event: 33627.201 GC heap before
{Heap before GC invocations=1618 (full 530):
 PSYoungGen      total 344064K, used 1408K [0x00000000eab00000, 0x00000000ffe00000, 0x0000000100000000)
  eden space 342528K, 0% used [0x00000000eab00000,0x00000000eab00000,0x00000000ff980000)
  from space 1536K, 91% used [0x00000000ffb80000,0x00000000ffce0000,0x00000000ffd00000)
  to   space 2048K, 0% used [0x00000000ff980000,0x00000000ff980000,0x00000000ffb80000)
 ParOldGen       total 355328K, used 102045K [0x00000000c0000000, 0x00000000d5b00000, 0x00000000eab00000)
  object space 355328K, 28% used [0x00000000c0000000,0x00000000c63a7530,0x00000000d5b00000)
 Metaspace       used 178834K, capacity 191476K, committed 192152K, reserved 1216512K
  class space    used 20730K, capacity 24550K, committed 24752K, reserved 1048576K

