# JRE version: Java(TM) SE Runtime Environment (8.0_281-b09) (build 1.8.0_281-b09)
# Java VM: Java HotSpot(TM) 64-Bit Server VM (25.281-b09 mixed mode windows-amd64 compressed oops)
Heap:
 PSYoungGen      total 318976K, used 12402K [0x00000000eab00000, 0x00000000ff600000, 0x0000000100000000)
  eden space 301056K, 4% used [0x00000000eab00000,0x00000000eb71c930,0x00000000fd100000)
  from space 17920K, 0% used [0x00000000fd100000,0x00000000fd100000,0x00000000fe280000)
  to   space 17920K, 1% used [0x00000000fe480000,0x00000000fe4b8000,0x00000000ff600000)
 ParOldGen       total 586752K, used 105563K [0x00000000c0000000, 0x00000000e3d00000, 0x00000000eab00000)
  object space 586752K, 17% used [0x00000000c0000000,0x00000000c6716ff0,0x00000000e3d00000)
 Metaspace       used 145592K, capacity 157654K, committed 157976K, reserved 1185792K
  class space    used 17719K, capacity 21437K, committed 21552K, reserved 1048576K
GC Heap History (10 events):
Event: 1444.833 GC heap after
Heap after GC invocations=156 (full 23):
 PSYoungGen      total 307200K, used 13304K [0x00000000eab00000, 0x00000000ff200000, 0x0000000100000000)
  eden space 293888K, 0% used [0x00000000eab00000,0x00000000eab00000,0x00000000fca00000)
  from space 13312K, 99% used [0x00000000fca00000,0x00000000fd6fe1b0,0x00000000fd700000)
  to   space 15872K, 0% used [0x00000000fe280000,0x00000000fe280000,0x00000000ff200000)
 ParOldGen       total 586752K, used 103449K [0x00000000c0000000, 0x00000000e3d00000, 0x00000000eab00000)
  object space 586752K, 17% used [0x00000000c0000000,0x00000000c6506490,0x00000000e3d00000)
 Metaspace       used 145344K, capacity 157416K, committed 157592K, reserved 1185792K
  class space    used 17696K, capacity 21402K, committed 21424K, reserved 1048576K
}
Event: 1495.811 GC heap before
{Heap before GC invocations=157 (full 23):
 PSYoungGen      total 307200K, used 199615K [0x00000000eab00000, 0x00000000ff200000, 0x0000000100000000)
  eden space 293888K, 63% used [0x00000000eab00000,0x00000000f60f1e18,0x00000000fca00000)
  from space 13312K, 99% used [0x00000000fca00000,0x00000000fd6fe1b0,0x00000000fd700000)
  to   space 15872K, 0% used [0x00000000fe280000,0x00000000fe280000,0x00000000ff200000)
 ParOldGen       total 586752K, used 103449K [0x00000000c0000000, 0x00000000e3d00000, 0x00000000eab00000)
  object space 586752K, 17% used [0x00000000c0000000,0x00000000c6506490,0x00000000e3d00000)
 Metaspace       used 145582K, capacity 157666K, committed 157976K, reserved 1185792K
  class space    used 17720K, capacity 21439K, committed 21552K, reserved 1048576K
Event: 1495.823 GC heap after
Heap after GC invocations=157 (full 23):
 PSYoungGen      total 316928K, used 15142K [0x00000000eab00000, 0x00000000ff600000, 0x0000000100000000)
  eden space 301056K, 0% used [0x00000000eab00000,0x00000000eab00000,0x00000000fd100000)
  from space 15872K, 95% used [0x00000000fe280000,0x00000000ff1498e8,0x00000000ff200000)
  to   space 17920K, 0% used [0x00000000fd100000,0x00000000fd100000,0x00000000fe280000)
 ParOldGen       total 586752K, used 103457K [0x00000000c0000000, 0x00000000e3d00000, 0x00000000eab00000)
  object space 586752K, 17% used [0x00000000c0000000,0x00000000c6508490,0x00000000e3d00000)
 Metaspace       used 145582K, capacity 157666K, committed 157976K, reserved 1185792K
  class space    used 17720K, capacity 21439K, committed 21552K, reserved 1048576K
}
Event: 1495.824 GC heap before
{Heap before GC invocations=158 (full 24):
 PSYoungGen      total 316928K, used 15142K [0x00000000eab00000, 0x00000000ff600000, 0x0000000100000000)
  eden space 301056K, 0% used [0x00000000eab00000,0x00000000eab00000,0x00000000fd100000)
  from space 15872K, 95% used [0x00000000fe280000,0x00000000ff1498e8,0x00000000ff200000)
  to   space 17920K, 0% used [0x00000000fd100000,0x00000000fd100000,0x00000000fe280000)
 ParOldGen       total 586752K, used 103457K [0x00000000c0000000, 0x00000000e3d00000, 0x00000000eab00000)
  object space 586752K, 17% used [0x00000000c0000000,0x00000000c6508490,0x00000000e3d00000)
 Metaspace       used 145582K, capacity 157666K, committed 157976K, reserved 1185792K
  class space    used 17720K, capacity 21439K, committed 21552K, reserved 1048576K
Event: 1496.465 GC heap after
Heap after GC invocations=158 (full 24):
 PSYoungGen      total 316928K, used 0K [0x00000000eab00000, 0x00000000ff600000, 0x0000000100000000)
  eden space 301056K, 0% used [0x00000000eab00000,0x00000000eab00000,0x00000000fd100000)
  from space 15872K, 0% used [0x00000000fe280000,0x00000000fe280000,0x00000000ff200000)
  to   space 17920K, 0% used [0x00000000fd100000,0x00000000fd100000,0x00000000fe280000)
 ParOldGen       total 586752K, used 108469K [0x00000000c0000000, 0x00000000e3d00000, 0x00000000eab00000)
  object space 586752K, 18% used [0x00000000c0000000,0x00000000c69ed6c0,0x00000000e3d00000)
 Metaspace       used 145582K, capacity 157666K, committed 157976K, reserved 1185792K
  class space    used 17720K, capacity 21439K, committed 21552K, reserved 1048576K
}
Event: 1555.821 GC heap before
{Heap before GC invocations=159 (full 24):
 PSYoungGen      total 316928K, used 17315K [0x00000000eab00000, 0x00000000ff600000, 0x0000000100000000)
  eden space 301056K, 5% used [0x00000000eab00000,0x00000000ebbe8cb8,0x00000000fd100000)
  from space 15872K, 0% used [0x00000000fe280000,0x00000000fe280000,0x00000000ff200000)
  to   space 17920K, 0% used [0x00000000fd100000,0x00000000fd100000,0x00000000fe280000)
 ParOldGen       total 586752K, used 108469K [0x00000000c0000000, 0x00000000e3d00000, 0x00000000eab00000)
  object space 586752K, 18% used [0x00000000c0000000,0x00000000c69ed6c0,0x00000000e3d00000)
 Metaspace       used 145589K, capacity 157666K, committed 157976K, reserved 1185792K
  class space    used 17720K, capacity 21439K, committed 21552K, reserved 1048576K
Event: 1555.828 GC heap after
Heap after GC invocations=159 (full 24):
 PSYoungGen      total 318976K, used 928K [0x00000000eab00000, 0x00000000ff600000, 0x0000000100000000)
  eden space 301056K, 0% used [0x00000000eab00000,0x00000000eab00000,0x00000000fd100000)
  from space 17920K, 5% used [0x00000000fd100000,0x00000000fd1e8000,0x00000000fe280000)
  to   space 17920K, 0% used [0x00000000fe480000,0x00000000fe480000,0x00000000ff600000)
 ParOldGen       total 586752K, used 108477K [0x00000000c0000000, 0x00000000e3d00000, 0x00000000eab00000)
  object space 586752K, 18% used [0x00000000c0000000,0x00000000c69ef6c0,0x00000000e3d00000)
 Metaspace       used 145589K, capacity 157666K, committed 157976K, reserved 1185792K
  class space    used 17720K, capacity 21439K, committed 21552K, reserved 1048576K
}
Event: 1555.828 GC heap before
{Heap before GC invocations=160 (full 25):
 PSYoungGen      total 318976K, used 928K [0x00000000eab00000, 0x00000000ff600000, 0x0000000100000000)
  eden space 301056K, 0% used [0x00000000eab00000,0x00000000eab00000,0x00000000fd100000)
  from space 17920K, 5% used [0x00000000fd100000,0x00000000fd1e8000,0x00000000fe280000)
  to   space 17920K, 0% used [0x00000000fe480000,0x00000000fe480000,0x00000000ff600000)
 ParOldGen       total 586752K, used 108477K [0x00000000c0000000, 0x00000000e3d00000, 0x00000000eab00000)
  object space 586752K, 18% used [0x00000000c0000000,0x00000000c69ef6c0,0x00000000e3d00000)
 Metaspace       used 145589K, capacity 157666K, committed 157976K, reserved 1185792K
  class space    used 17720K, capacity 21439K, committed 21552K, reserved 1048576K
Event: 1556.603 GC heap after
Heap after GC invocations=160 (full 25):
 PSYoungGen      total 318976K, used 0K [0x00000000eab00000, 0x00000000ff600000, 0x0000000100000000)
  eden space 301056K, 0% used [0x00000000eab00000,0x00000000eab00000,0x00000000fd100000)
  from space 17920K, 0% used [0x00000000fd100000,0x00000000fd100000,0x00000000fe280000)
  to   space 17920K, 0% used [0x00000000fe480000,0x00000000fe480000,0x00000000ff600000)
 ParOldGen       total 586752K, used 105563K [0x00000000c0000000, 0x00000000e3d00000, 0x00000000eab00000)
  object space 586752K, 17% used [0x00000000c0000000,0x00000000c6716ff0,0x00000000e3d00000)
 Metaspace       used 145585K, capacity 157654K, committed 157976K, reserved 1185792K
  class space    used 17719K, capacity 21437K, committed 21552K, reserved 1048576K
}
Event: 1615.830 GC heap before
{Heap before GC invocations=161 (full 25):
 PSYoungGen      total 318976K, used 12402K [0x00000000eab00000, 0x00000000ff600000, 0x0000000100000000)
  eden space 301056K, 4% used [0x00000000eab00000,0x00000000eb71c930,0x00000000fd100000)
  from space 17920K, 0% used [0x00000000fd100000,0x00000000fd100000,0x00000000fe280000)
  to   space 17920K, 0% used [0x00000000fe480000,0x00000000fe480000,0x00000000ff600000)
 ParOldGen       total 586752K, used 105563K [0x00000000c0000000, 0x00000000e3d00000, 0x00000000eab00000)
  object space 586752K, 17% used [0x00000000c0000000,0x00000000c6716ff0,0x00000000e3d00000)
 Metaspace       used 145592K, capacity 157654K, committed 157976K, reserved 1185792K
  class space    used 17719K, capacity 21437K, committed 21552K, reserved 1048576K

